2022-02-25 22:05:16,259 - blackboard - Loaded the data to the blackboard.
2022-02-25 22:05:16,261 - data_structure - 
          is_breaking_rule breaking_rule_ids desirability_score
lying                  NaN               NaN                NaN
not lying              NaN               NaN                NaN
2022-02-25 22:05:16,263 - blackboard - Starting tests...
2022-02-25 22:05:16,265 - blackboard - Running Deontology test.
2022-02-25 22:05:16,265 - lying_deontology_test - Running ethical_tests.lying_deontology_test...
2022-02-25 22:05:16,265 - lying_deontology_test - Testing action: lying
2022-02-25 22:05:16,265 - lying_deontology_test - Action "lying" : Not permissible since it broke rule(s) [1]
2022-02-25 22:05:16,265 - lying_deontology_test - Testing action: not lying
2022-02-25 22:05:16,265 - lying_deontology_test - Action "not lying" : Permissible
2022-02-25 22:05:16,266 - blackboard - Blackboard updated with Deontology test results.
2022-02-25 22:05:16,268 - data_structure - 
          is_breaking_rule breaking_rule_ids desirability_score
lying                 True               [1]                NaN
not lying            False                []                NaN
2022-02-25 22:05:16,268 - blackboard - Testing completed.
2022-02-25 22:05:16,268 - blackboard - Calling the final evaluator.
2022-02-25 22:05:16,269 - lying_deontology_evaluator - final_evaluator.lying_deontology_evaluator started evaluation using the data in the blackboard.
2022-02-25 22:05:16,269 - lying_deontology_evaluator - Desirability of action lying : 0
2022-02-25 22:05:16,269 - lying_deontology_evaluator - Desirability of action not lying : 1
2022-02-25 22:05:16,269 - blackboard - Evaluation completed.
2022-02-25 22:05:16,272 - data_structure - 
          is_breaking_rule breaking_rule_ids desirability_score
lying                 True               [1]                  0
not lying            False                []                  1
2022-02-25 22:05:16,272 - blackboard - Recommended actions: ['not lying']
