2022-02-25 00:51:59,092 - blackboard - Loaded the data to the blackboard.
2022-02-25 00:51:59,095 - data_structure - 
          obedience user_safety robot_safety score
[4, 1]          NaN         NaN          NaN   NaN
[2, 4.5]        NaN         NaN          NaN   NaN
[3, 4.25]       NaN         NaN          NaN   NaN
2022-02-25 00:51:59,096 - blackboard - Starting tests...
2022-02-25 00:51:59,096 - blackboard - Running Utilitarian test.
2022-02-25 00:51:59,097 - blackboard - Blackboard updated with Utilitarian test results.
2022-02-25 00:51:59,098 - data_structure - 
          obedience user_safety robot_safety score
[4, 1]            1           0            1   NaN
[2, 4.5]         -1           0            1   NaN
[3, 4.25]        -1           1            1   NaN
2022-02-25 00:51:59,098 - blackboard - Testing completed.
2022-02-25 00:51:59,100 - data_structure - 
          obedience user_safety robot_safety score
[4, 1]            1           0            1   NaN
[2, 4.5]         -1           0            1   NaN
[3, 4.25]        -1           1            1   NaN
2022-02-25 00:51:59,106 - blackboard - Calling the final evaluator.
2022-02-25 00:51:59,108 - blackboard - Evaluation completed.
2022-02-25 00:51:59,110 - data_structure - 
          obedience user_safety robot_safety score
[4, 1]            1           0            1  1.75
[2, 4.5]         -1           0            1 -0.25
[3, 4.25]        -1           1            1  2.75
2022-02-25 00:51:59,111 - blackboard - Recommended actions: [[3, 4.25]]
